# JRE version: Java(TM) SE Runtime Environment (8.0_121-b13) (build 1.8.0_121-b13)
# Java VM: Java HotSpot(TM) 64-Bit Server VM (25.121-b13 mixed mode linux-amd64 compressed oops)
Heap:
 PSYoungGen      total 261120K, used 111235K [0x000000076d300000, 0x000000077e180000, 0x00000007c0000000)
  eden space 260608K, 42% used [0x000000076d300000,0x0000000773fa0d18,0x000000077d180000)
  from space 512K, 0% used [0x000000077d180000,0x000000077d180000,0x000000077d200000)
  to   space 8192K, 0% used [0x000000077d980000,0x000000077d980000,0x000000077e180000)
 ParOldGen       total 203776K, used 41894K [0x00000006c7800000, 0x00000006d3f00000, 0x000000076d300000)
  object space 203776K, 20% used [0x00000006c7800000,0x00000006ca0e9ba0,0x00000006d3f00000)
 Metaspace       used 51500K, capacity 55204K, committed 55424K, reserved 1097728K
  class space    used 5902K, capacity 6965K, committed 7040K, reserved 1048576K
GC Heap History (10 events):
Event: 17611.917 GC heap before
{Heap before GC invocations=585 (full 288):
 PSYoungGen      total 267264K, used 6382K [0x000000076d300000, 0x000000077e280000, 0x00000007c0000000)
  eden space 260608K, 0% used [0x000000076d300000,0x000000076d300000,0x000000077d180000)
  from space 6656K, 95% used [0x000000077d900000,0x000000077df3b8e8,0x000000077df80000)
  to   space 3072K, 0% used [0x000000077df80000,0x000000077df80000,0x000000077e280000)
 ParOldGen       total 203776K, used 41903K [0x00000006c7800000, 0x00000006d3f00000, 0x000000076d300000)
  object space 203776K, 20% used [0x00000006c7800000,0x00000006ca0ebc60,0x00000006d3f00000)
 Metaspace       used 51397K, capacity 55140K, committed 55424K, reserved 1097728K
  class space    used 5901K, capacity 6965K, committed 7040K, reserved 1048576K
Event: 17612.045 GC heap after
Heap after GC invocations=585 (full 288):
 PSYoungGen      total 267264K, used 0K [0x000000076d300000, 0x000000077e280000, 0x00000007c0000000)
  eden space 260608K, 0% used [0x000000076d300000,0x000000076d300000,0x000000077d180000)
  from space 6656K, 0% used [0x000000077d900000,0x000000077d900000,0x000000077df80000)
  to   space 3072K, 0% used [0x000000077df80000,0x000000077df80000,0x000000077e280000)
 ParOldGen       total 203776K, used 41855K [0x00000006c7800000, 0x00000006d3f00000, 0x000000076d300000)
  object space 203776K, 20% used [0x00000006c7800000,0x00000006ca0dff48,0x00000006d3f00000)
 Metaspace       used 51397K, capacity 55140K, committed 55424K, reserved 1097728K
  class space    used 5901K, capacity 6965K, committed 7040K, reserved 1048576K
}
Event: 17671.909 GC heap before
{Heap before GC invocations=586 (full 288):
 PSYoungGen      total 267264K, used 23768K [0x000000076d300000, 0x000000077e280000, 0x00000007c0000000)
  eden space 260608K, 9% used [0x000000076d300000,0x000000076ea36288,0x000000077d180000)
  from space 6656K, 0% used [0x000000077d900000,0x000000077d900000,0x000000077df80000)
  to   space 3072K, 0% used [0x000000077df80000,0x000000077df80000,0x000000077e280000)
 ParOldGen       total 203776K, used 41855K [0x00000006c7800000, 0x00000006d3f00000, 0x000000076d300000)
  object space 203776K, 20% used [0x00000006c7800000,0x00000006ca0dff48,0x00000006d3f00000)
 Metaspace       used 51415K, capacity 55140K, committed 55424K, reserved 1097728K
  class space    used 5901K, capacity 6965K, committed 7040K, reserved 1048576K
Event: 17671.915 GC heap after
Heap after GC invocations=586 (full 288):
 PSYoungGen      total 263680K, used 366K [0x000000076d300000, 0x000000077e280000, 0x00000007c0000000)
  eden space 260608K, 0% used [0x000000076d300000,0x000000076d300000,0x000000077d180000)
  from space 3072K, 11% used [0x000000077df80000,0x000000077dfdb838,0x000000077e280000)
  to   space 8704K, 0% used [0x000000077d180000,0x000000077d180000,0x000000077da00000)
 ParOldGen       total 203776K, used 41855K [0x00000006c7800000, 0x00000006d3f00000, 0x000000076d300000)
  object space 203776K, 20% used [0x00000006c7800000,0x00000006ca0dff48,0x00000006d3f00000)
 Metaspace       used 51415K, capacity 55140K, committed 55424K, reserved 1097728K
  class space    used 5901K, capacity 6965K, committed 7040K, reserved 1048576K
}
Event: 17671.915 GC heap before
{Heap before GC invocations=587 (full 289):
 PSYoungGen      total 263680K, used 366K [0x000000076d300000, 0x000000077e280000, 0x00000007c0000000)
  eden space 260608K, 0% used [0x000000076d300000,0x000000076d300000,0x000000077d180000)
  from space 3072K, 11% used [0x000000077df80000,0x000000077dfdb838,0x000000077e280000)
  to   space 8704K, 0% used [0x000000077d180000,0x000000077d180000,0x000000077da00000)
 ParOldGen       total 203776K, used 41855K [0x00000006c7800000, 0x00000006d3f00000, 0x000000076d300000)
  object space 203776K, 20% used [0x00000006c7800000,0x00000006ca0dff48,0x00000006d3f00000)
 Metaspace       used 51415K, capacity 55140K, committed 55424K, reserved 1097728K
  class space    used 5901K, capacity 6965K, committed 7040K, reserved 1048576K
Event: 17672.020 GC heap after
Heap after GC invocations=587 (full 289):
 PSYoungGen      total 263680K, used 0K [0x000000076d300000, 0x000000077e280000, 0x00000007c0000000)
  eden space 260608K, 0% used [0x000000076d300000,0x000000076d300000,0x000000077d180000)
  from space 3072K, 0% used [0x000000077df80000,0x000000077df80000,0x000000077e280000)
  to   space 8704K, 0% used [0x000000077d180000,0x000000077d180000,0x000000077da00000)
 ParOldGen       total 203776K, used 41856K [0x00000006c7800000, 0x00000006d3f00000, 0x000000076d300000)
  object space 203776K, 20% used [0x00000006c7800000,0x00000006ca0e0048,0x00000006d3f00000)
 Metaspace       used 51415K, capacity 55140K, committed 55424K, reserved 1097728K
  class space    used 5901K, capacity 6965K, committed 7040K, reserved 1048576K
}
Event: 17731.909 GC heap before
{Heap before GC invocations=588 (full 289):
 PSYoungGen      total 263680K, used 18919K [0x000000076d300000, 0x000000077e280000, 0x00000007c0000000)
  eden space 260608K, 7% used [0x000000076d300000,0x000000076e579f68,0x000000077d180000)
  from space 3072K, 0% used [0x000000077df80000,0x000000077df80000,0x000000077e280000)
  to   space 8704K, 0% used [0x000000077d180000,0x000000077d180000,0x000000077da00000)
 ParOldGen       total 203776K, used 41856K [0x00000006c7800000, 0x00000006d3f00000, 0x000000076d300000)
  object space 203776K, 20% used [0x00000006c7800000,0x00000006ca0e0048,0x00000006d3f00000)
 Metaspace       used 51452K, capacity 55204K, committed 55424K, reserved 1097728K
  class space    used 5901K, capacity 6965K, committed 7040K, reserved 1048576K
Event: 17731.915 GC heap after
Heap after GC invocations=588 (full 289):
 PSYoungGen      total 261120K, used 378K [0x000000076d300000, 0x000000077e180000, 0x00000007c0000000)
  eden space 260608K, 0% used [0x000000076d300000,0x000000076d300000,0x000000077d180000)
  from space 512K, 73% used [0x000000077d180000,0x000000077d1de878,0x000000077d200000)
  to   space 8192K, 0% used [0x000000077d980000,0x000000077d980000,0x000000077e180000)
 ParOldGen       total 203776K, used 41864K [0x00000006c7800000, 0x00000006d3f00000, 0x000000076d300000)
  object space 203776K, 20% used [0x00000006c7800000,0x00000006ca0e2048,0x00000006d3f00000)
 Metaspace       used 51452K, capacity 55204K, committed 55424K, reserved 1097728K
  class space    used 5901K, capacity 6965K, committed 7040K, reserved 1048576K
}
Event: 17731.915 GC heap before
{Heap before GC invocations=589 (full 290):
 PSYoungGen      total 261120K, used 378K [0x000000076d300000, 0x000000077e180000, 0x00000007c0000000)
  eden space 260608K, 0% used [0x000000076d300000,0x000000076d300000,0x000000077d180000)
  from space 512K, 73% used [0x000000077d180000,0x000000077d1de878,0x000000077d200000)
  to   space 8192K, 0% used [0x000000077d980000,0x000000077d980000,0x000000077e180000)
 ParOldGen       total 203776K, used 41864K [0x00000006c7800000, 0x00000006d3f00000, 0x000000076d300000)
  object space 203776K, 20% used [0x00000006c7800000,0x00000006ca0e2048,0x00000006d3f00000)
 Metaspace       used 51452K, capacity 55204K, committed 55424K, reserved 1097728K
  class space    used 5901K, capacity 6965K, committed 7040K, reserved 1048576K
Event: 17731.985 GC heap after
Heap after GC invocations=589 (full 290):
 PSYoungGen      total 261120K, used 0K [0x000000076d300000, 0x000000077e180000, 0x00000007c0000000)
  eden space 260608K, 0% used [0x000000076d300000,0x000000076d300000,0x000000077d180000)
  from space 512K, 0% used [0x000000077d180000,0x000000077d180000,0x000000077d200000)
  to   space 8192K, 0% used [0x000000077d980000,0x000000077d980000,0x000000077e180000)
 ParOldGen       total 203776K, used 41894K [0x00000006c7800000, 0x00000006d3f00000, 0x000000076d300000)
  object space 203776K, 20% used [0x00000006c7800000,0x00000006ca0e9ba0,0x00000006d3f00000)
 Metaspace       used 51452K, capacity 55204K, committed 55424K, reserved 1097728K
  class space    used 5901K, capacity 6965K, committed 7040K, reserved 1048576K
}

