# JRE version: Java(TM) SE Runtime Environment (8.0_121-b13) (build 1.8.0_121-b13)
# Java VM: Java HotSpot(TM) 64-Bit Server VM (25.121-b13 mixed mode windows-amd64 compressed oops)
Heap:
 PSYoungGen      total 439808K, used 104465K [0x000000076b180000, 0x0000000786980000, 0x00000007c0000000)
  eden space 429056K, 24% used [0x000000076b180000,0x00000007717847a0,0x0000000785480000)
  from space 10752K, 0% used [0x0000000785480000,0x0000000785480000,0x0000000785f00000)
  to   space 10752K, 0% used [0x0000000785f00000,0x0000000785f00000,0x0000000786980000)
 ParOldGen       total 180736K, used 69200K [0x00000006c1400000, 0x00000006cc480000, 0x000000076b180000)
  object space 180736K, 38% used [0x00000006c1400000,0x00000006c57942d0,0x00000006cc480000)
 Metaspace       used 51830K, capacity 54672K, committed 54912K, reserved 1097728K
  class space    used 5776K, capacity 6663K, committed 6784K, reserved 1048576K
GC Heap History (10 events):
Event: 166334.042 GC heap before
{Heap before GC invocations=1591 (full 768):
 PSYoungGen      total 429568K, used 279K [0x000000076b180000, 0x0000000786a80000, 0x00000007c0000000)
  eden space 429056K, 0% used [0x000000076b180000,0x000000076b180000,0x0000000785480000)
  from space 512K, 54% used [0x0000000785480000,0x00000007854c5c50,0x0000000785500000)
  to   space 11264K, 0% used [0x0000000785f80000,0x0000000785f80000,0x0000000786a80000)
 ParOldGen       total 180736K, used 71943K [0x00000006c1400000, 0x00000006cc480000, 0x000000076b180000)
  object space 180736K, 39% used [0x00000006c1400000,0x00000006c5a41e40,0x00000006cc480000)
 Metaspace       used 51822K, capacity 54672K, committed 54912K, reserved 1097728K
  class space    used 5776K, capacity 6663K, committed 6784K, reserved 1048576K
Event: 166334.213 GC heap after
Heap after GC invocations=1591 (full 768):
 PSYoungGen      total 429568K, used 0K [0x000000076b180000, 0x0000000786a80000, 0x00000007c0000000)
  eden space 429056K, 0% used [0x000000076b180000,0x000000076b180000,0x0000000785480000)
  from space 512K, 0% used [0x0000000785480000,0x0000000785480000,0x0000000785500000)
  to   space 11264K, 0% used [0x0000000785f80000,0x0000000785f80000,0x0000000786a80000)
 ParOldGen       total 180736K, used 71422K [0x00000006c1400000, 0x00000006cc480000, 0x000000076b180000)
  object space 180736K, 39% used [0x00000006c1400000,0x00000006c59bf950,0x00000006cc480000)
 Metaspace       used 51822K, capacity 54672K, committed 54912K, reserved 1097728K
  class space    used 5776K, capacity 6663K, committed 6784K, reserved 1048576K
}
Event: 166394.037 GC heap before
{Heap before GC invocations=1592 (full 768):
 PSYoungGen      total 429568K, used 48157K [0x000000076b180000, 0x0000000786a80000, 0x00000007c0000000)
  eden space 429056K, 11% used [0x000000076b180000,0x000000076e087570,0x0000000785480000)
  from space 512K, 0% used [0x0000000785480000,0x0000000785480000,0x0000000785500000)
  to   space 11264K, 0% used [0x0000000785f80000,0x0000000785f80000,0x0000000786a80000)
 ParOldGen       total 180736K, used 71422K [0x00000006c1400000, 0x00000006cc480000, 0x000000076b180000)
  object space 180736K, 39% used [0x00000006c1400000,0x00000006c59bf950,0x00000006cc480000)
 Metaspace       used 51822K, capacity 54672K, committed 54912K, reserved 1097728K
  class space    used 5776K, capacity 6663K, committed 6784K, reserved 1048576K
Event: 166394.042 GC heap after
Heap after GC invocations=1592 (full 768):
 PSYoungGen      total 439296K, used 547K [0x000000076b180000, 0x0000000786980000, 0x00000007c0000000)
  eden space 429056K, 0% used [0x000000076b180000,0x000000076b180000,0x0000000785480000)
  from space 10240K, 5% used [0x0000000785f80000,0x0000000786008c78,0x0000000786980000)
  to   space 10752K, 0% used [0x0000000785480000,0x0000000785480000,0x0000000785f00000)
 ParOldGen       total 180736K, used 71422K [0x00000006c1400000, 0x00000006cc480000, 0x000000076b180000)
  object space 180736K, 39% used [0x00000006c1400000,0x00000006c59bf950,0x00000006cc480000)
 Metaspace       used 51822K, capacity 54672K, committed 54912K, reserved 1097728K
  class space    used 5776K, capacity 6663K, committed 6784K, reserved 1048576K
}
Event: 166394.042 GC heap before
{Heap before GC invocations=1593 (full 769):
 PSYoungGen      total 439296K, used 547K [0x000000076b180000, 0x0000000786980000, 0x00000007c0000000)
  eden space 429056K, 0% used [0x000000076b180000,0x000000076b180000,0x0000000785480000)
  from space 10240K, 5% used [0x0000000785f80000,0x0000000786008c78,0x0000000786980000)
  to   space 10752K, 0% used [0x0000000785480000,0x0000000785480000,0x0000000785f00000)
 ParOldGen       total 180736K, used 71422K [0x00000006c1400000, 0x00000006cc480000, 0x000000076b180000)
  object space 180736K, 39% used [0x00000006c1400000,0x00000006c59bf950,0x00000006cc480000)
 Metaspace       used 51822K, capacity 54672K, committed 54912K, reserved 1097728K
  class space    used 5776K, capacity 6663K, committed 6784K, reserved 1048576K
Event: 166394.260 GC heap after
Heap after GC invocations=1593 (full 769):
 PSYoungGen      total 439296K, used 0K [0x000000076b180000, 0x0000000786980000, 0x00000007c0000000)
  eden space 429056K, 0% used [0x000000076b180000,0x000000076b180000,0x0000000785480000)
  from space 10240K, 0% used [0x0000000785f80000,0x0000000785f80000,0x0000000786980000)
  to   space 10752K, 0% used [0x0000000785480000,0x0000000785480000,0x0000000785f00000)
 ParOldGen       total 180736K, used 71519K [0x00000006c1400000, 0x00000006cc480000, 0x000000076b180000)
  object space 180736K, 39% used [0x00000006c1400000,0x00000006c59d7c98,0x00000006cc480000)
 Metaspace       used 51822K, capacity 54672K, committed 54912K, reserved 1097728K
  class space    used 5776K, capacity 6663K, committed 6784K, reserved 1048576K
}
Event: 166454.039 GC heap before
{Heap before GC invocations=1594 (full 769):
 PSYoungGen      total 439296K, used 186881K [0x000000076b180000, 0x0000000786980000, 0x00000007c0000000)
  eden space 429056K, 43% used [0x000000076b180000,0x0000000776800500,0x0000000785480000)
  from space 10240K, 0% used [0x0000000785f80000,0x0000000785f80000,0x0000000786980000)
  to   space 10752K, 0% used [0x0000000785480000,0x0000000785480000,0x0000000785f00000)
 ParOldGen       total 180736K, used 71519K [0x00000006c1400000, 0x00000006cc480000, 0x000000076b180000)
  object space 180736K, 39% used [0x00000006c1400000,0x00000006c59d7c98,0x00000006cc480000)
 Metaspace       used 51829K, capacity 54672K, committed 54912K, reserved 1097728K
  class space    used 5776K, capacity 6663K, committed 6784K, reserved 1048576K
Event: 166454.053 GC heap after
Heap after GC invocations=1594 (full 769):
 PSYoungGen      total 439808K, used 4503K [0x000000076b180000, 0x0000000786980000, 0x00000007c0000000)
  eden space 429056K, 0% used [0x000000076b180000,0x000000076b180000,0x0000000785480000)
  from space 10752K, 41% used [0x0000000785480000,0x00000007858e5e08,0x0000000785f00000)
  to   space 10752K, 0% used [0x0000000785f00000,0x0000000785f00000,0x0000000786980000)
 ParOldGen       total 180736K, used 71519K [0x00000006c1400000, 0x00000006cc480000, 0x000000076b180000)
  object space 180736K, 39% used [0x00000006c1400000,0x00000006c59d7c98,0x00000006cc480000)
 Metaspace       used 51829K, capacity 54672K, committed 54912K, reserved 1097728K
  class space    used 5776K, capacity 6663K, committed 6784K, reserved 1048576K
}
Event: 166454.053 GC heap before
{Heap before GC invocations=1595 (full 770):
 PSYoungGen      total 439808K, used 4503K [0x000000076b180000, 0x0000000786980000, 0x00000007c0000000)
  eden space 429056K, 0% used [0x000000076b180000,0x000000076b180000,0x0000000785480000)
  from space 10752K, 41% used [0x0000000785480000,0x00000007858e5e08,0x0000000785f00000)
  to   space 10752K, 0% used [0x0000000785f00000,0x0000000785f00000,0x0000000786980000)
 ParOldGen       total 180736K, used 71519K [0x00000006c1400000, 0x00000006cc480000, 0x000000076b180000)
  object space 180736K, 39% used [0x00000006c1400000,0x00000006c59d7c98,0x00000006cc480000)
 Metaspace       used 51829K, capacity 54672K, committed 54912K, reserved 1097728K
  class space    used 5776K, capacity 6663K, committed 6784K, reserved 1048576K
Event: 166454.194 GC heap after
Heap after GC invocations=1595 (full 770):
 PSYoungGen      total 439808K, used 0K [0x000000076b180000, 0x0000000786980000, 0x00000007c0000000)
  eden space 429056K, 0% used [0x000000076b180000,0x000000076b180000,0x0000000785480000)
  from space 10752K, 0% used [0x0000000785480000,0x0000000785480000,0x0000000785f00000)
  to   space 10752K, 0% used [0x0000000785f00000,0x0000000785f00000,0x0000000786980000)
 ParOldGen       total 180736K, used 69200K [0x00000006c1400000, 0x00000006cc480000, 0x000000076b180000)
  object space 180736K, 38% used [0x00000006c1400000,0x00000006c57942d0,0x00000006cc480000)
 Metaspace       used 51829K, capacity 54672K, committed 54912K, reserved 1097728K
  class space    used 5776K, capacity 6663K, committed 6784K, reserved 1048576K
}

