# JRE version: Java(TM) SE Runtime Environment (8.0_121-b13) (build 1.8.0_121-b13)
# Java VM: Java HotSpot(TM) 64-Bit Server VM (25.121-b13 mixed mode linux-amd64 compressed oops)
Heap:
 PSYoungGen      total 419840K, used 14259K [0x000000076d380000, 0x0000000786e80000, 0x00000007c0000000)
  eden space 419328K, 3% used [0x000000076d380000,0x000000076e16cd60,0x0000000786d00000)
  from space 512K, 0% used [0x0000000786d80000,0x0000000786d80000,0x0000000786e00000)
  to   space 512K, 0% used [0x0000000786e00000,0x0000000786e00000,0x0000000786e80000)
 ParOldGen       total 215040K, used 51177K [0x00000006c7a00000, 0x00000006d4c00000, 0x000000076d380000)
  object space 215040K, 23% used [0x00000006c7a00000,0x00000006cabfa7a0,0x00000006d4c00000)
 Metaspace       used 50358K, capacity 53382K, committed 53632K, reserved 1095680K
  class space    used 5565K, capacity 6460K, committed 6528K, reserved 1048576K
GC Heap History (10 events):
Event: 19304.234 GC heap before
{Heap before GC invocations=783 (full 318):
 PSYoungGen      total 419840K, used 64K [0x000000076d380000, 0x0000000786e80000, 0x00000007c0000000)
  eden space 419328K, 0% used [0x000000076d380000,0x000000076d380000,0x0000000786d00000)
  from space 512K, 12% used [0x0000000786d80000,0x0000000786d90000,0x0000000786e00000)
  to   space 512K, 0% used [0x0000000786e00000,0x0000000786e00000,0x0000000786e80000)
 ParOldGen       total 215040K, used 51178K [0x00000006c7a00000, 0x00000006d4c00000, 0x000000076d380000)
  object space 215040K, 23% used [0x00000006c7a00000,0x00000006cabfab20,0x00000006d4c00000)
 Metaspace       used 50344K, capacity 53382K, committed 53632K, reserved 1095680K
  class space    used 5563K, capacity 6460K, committed 6528K, reserved 1048576K
Event: 19304.298 GC heap after
Heap after GC invocations=783 (full 318):
 PSYoungGen      total 419840K, used 0K [0x000000076d380000, 0x0000000786e80000, 0x00000007c0000000)
  eden space 419328K, 0% used [0x000000076d380000,0x000000076d380000,0x0000000786d00000)
  from space 512K, 0% used [0x0000000786d80000,0x0000000786d80000,0x0000000786e00000)
  to   space 512K, 0% used [0x0000000786e00000,0x0000000786e00000,0x0000000786e80000)
 ParOldGen       total 215040K, used 51178K [0x00000006c7a00000, 0x00000006d4c00000, 0x000000076d380000)
  object space 215040K, 23% used [0x00000006c7a00000,0x00000006cabfab20,0x00000006d4c00000)
 Metaspace       used 50344K, capacity 53382K, committed 53632K, reserved 1095680K
  class space    used 5563K, capacity 6460K, committed 6528K, reserved 1048576K
}
Event: 19364.230 GC heap before
{Heap before GC invocations=784 (full 318):
 PSYoungGen      total 419840K, used 9561K [0x000000076d380000, 0x0000000786e80000, 0x00000007c0000000)
  eden space 419328K, 2% used [0x000000076d380000,0x000000076dcd6568,0x0000000786d00000)
  from space 512K, 0% used [0x0000000786d80000,0x0000000786d80000,0x0000000786e00000)
  to   space 512K, 0% used [0x0000000786e00000,0x0000000786e00000,0x0000000786e80000)
 ParOldGen       total 215040K, used 51178K [0x00000006c7a00000, 0x00000006d4c00000, 0x000000076d380000)
  object space 215040K, 23% used [0x00000006c7a00000,0x00000006cabfab20,0x00000006d4c00000)
 Metaspace       used 50344K, capacity 53382K, committed 53632K, reserved 1095680K
  class space    used 5563K, capacity 6460K, committed 6528K, reserved 1048576K
Event: 19364.234 GC heap after
Heap after GC invocations=784 (full 318):
 PSYoungGen      total 419840K, used 64K [0x000000076d380000, 0x0000000786e80000, 0x00000007c0000000)
  eden space 419328K, 0% used [0x000000076d380000,0x000000076d380000,0x0000000786d00000)
  from space 512K, 12% used [0x0000000786e00000,0x0000000786e10000,0x0000000786e80000)
  to   space 512K, 0% used [0x0000000786d80000,0x0000000786d80000,0x0000000786e00000)
 ParOldGen       total 215040K, used 51178K [0x00000006c7a00000, 0x00000006d4c00000, 0x000000076d380000)
  object space 215040K, 23% used [0x00000006c7a00000,0x00000006cabfab20,0x00000006d4c00000)
 Metaspace       used 50344K, capacity 53382K, committed 53632K, reserved 1095680K
  class space    used 5563K, capacity 6460K, committed 6528K, reserved 1048576K
}
Event: 19364.234 GC heap before
{Heap before GC invocations=785 (full 319):
 PSYoungGen      total 419840K, used 64K [0x000000076d380000, 0x0000000786e80000, 0x00000007c0000000)
  eden space 419328K, 0% used [0x000000076d380000,0x000000076d380000,0x0000000786d00000)
  from space 512K, 12% used [0x0000000786e00000,0x0000000786e10000,0x0000000786e80000)
  to   space 512K, 0% used [0x0000000786d80000,0x0000000786d80000,0x0000000786e00000)
 ParOldGen       total 215040K, used 51178K [0x00000006c7a00000, 0x00000006d4c00000, 0x000000076d380000)
  object space 215040K, 23% used [0x00000006c7a00000,0x00000006cabfab20,0x00000006d4c00000)
 Metaspace       used 50344K, capacity 53382K, committed 53632K, reserved 1095680K
  class space    used 5563K, capacity 6460K, committed 6528K, reserved 1048576K
Event: 19364.310 GC heap after
Heap after GC invocations=785 (full 319):
 PSYoungGen      total 419840K, used 0K [0x000000076d380000, 0x0000000786e80000, 0x00000007c0000000)
  eden space 419328K, 0% used [0x000000076d380000,0x000000076d380000,0x0000000786d00000)
  from space 512K, 0% used [0x0000000786e00000,0x0000000786e00000,0x0000000786e80000)
  to   space 512K, 0% used [0x0000000786d80000,0x0000000786d80000,0x0000000786e00000)
 ParOldGen       total 215040K, used 51177K [0x00000006c7a00000, 0x00000006d4c00000, 0x000000076d380000)
  object space 215040K, 23% used [0x00000006c7a00000,0x00000006cabfa7a0,0x00000006d4c00000)
 Metaspace       used 50344K, capacity 53382K, committed 53632K, reserved 1095680K
  class space    used 5563K, capacity 6460K, committed 6528K, reserved 1048576K
}
Event: 19424.231 GC heap before
{Heap before GC invocations=786 (full 319):
 PSYoungGen      total 419840K, used 9561K [0x000000076d380000, 0x0000000786e80000, 0x00000007c0000000)
  eden space 419328K, 2% used [0x000000076d380000,0x000000076dcd6568,0x0000000786d00000)
  from space 512K, 0% used [0x0000000786e00000,0x0000000786e00000,0x0000000786e80000)
  to   space 512K, 0% used [0x0000000786d80000,0x0000000786d80000,0x0000000786e00000)
 ParOldGen       total 215040K, used 51177K [0x00000006c7a00000, 0x00000006d4c00000, 0x000000076d380000)
  object space 215040K, 23% used [0x00000006c7a00000,0x00000006cabfa7a0,0x00000006d4c00000)
 Metaspace       used 50344K, capacity 53382K, committed 53632K, reserved 1095680K
  class space    used 5563K, capacity 6460K, committed 6528K, reserved 1048576K
Event: 19424.235 GC heap after
Heap after GC invocations=786 (full 319):
 PSYoungGen      total 419840K, used 96K [0x000000076d380000, 0x0000000786e80000, 0x00000007c0000000)
  eden space 419328K, 0% used [0x000000076d380000,0x000000076d380000,0x0000000786d00000)
  from space 512K, 18% used [0x0000000786d80000,0x0000000786d98000,0x0000000786e00000)
  to   space 512K, 0% used [0x0000000786e00000,0x0000000786e00000,0x0000000786e80000)
 ParOldGen       total 215040K, used 51177K [0x00000006c7a00000, 0x00000006d4c00000, 0x000000076d380000)
  object space 215040K, 23% used [0x00000006c7a00000,0x00000006cabfa7a0,0x00000006d4c00000)
 Metaspace       used 50344K, capacity 53382K, committed 53632K, reserved 1095680K
  class space    used 5563K, capacity 6460K, committed 6528K, reserved 1048576K
}
Event: 19424.235 GC heap before
{Heap before GC invocations=787 (full 320):
 PSYoungGen      total 419840K, used 96K [0x000000076d380000, 0x0000000786e80000, 0x00000007c0000000)
  eden space 419328K, 0% used [0x000000076d380000,0x000000076d380000,0x0000000786d00000)
  from space 512K, 18% used [0x0000000786d80000,0x0000000786d98000,0x0000000786e00000)
  to   space 512K, 0% used [0x0000000786e00000,0x0000000786e00000,0x0000000786e80000)
 ParOldGen       total 215040K, used 51177K [0x00000006c7a00000, 0x00000006d4c00000, 0x000000076d380000)
  object space 215040K, 23% used [0x00000006c7a00000,0x00000006cabfa7a0,0x00000006d4c00000)
 Metaspace       used 50344K, capacity 53382K, committed 53632K, reserved 1095680K
  class space    used 5563K, capacity 6460K, committed 6528K, reserved 1048576K
Event: 19424.299 GC heap after
Heap after GC invocations=787 (full 320):
 PSYoungGen      total 419840K, used 0K [0x000000076d380000, 0x0000000786e80000, 0x00000007c0000000)
  eden space 419328K, 0% used [0x000000076d380000,0x000000076d380000,0x0000000786d00000)
  from space 512K, 0% used [0x0000000786d80000,0x0000000786d80000,0x0000000786e00000)
  to   space 512K, 0% used [0x0000000786e00000,0x0000000786e00000,0x0000000786e80000)
 ParOldGen       total 215040K, used 51177K [0x00000006c7a00000, 0x00000006d4c00000, 0x000000076d380000)
  object space 215040K, 23% used [0x00000006c7a00000,0x00000006cabfa7a0,0x00000006d4c00000)
 Metaspace       used 50344K, capacity 53382K, committed 53632K, reserved 1095680K
  class space    used 5563K, capacity 6460K, committed 6528K, reserved 1048576K
}

