# JRE version: Java(TM) SE Runtime Environment (8.0_121-b13) (build 1.8.0_121-b13)
# Java VM: Java HotSpot(TM) 64-Bit Server VM (25.121-b13 mixed mode linux-amd64 compressed oops)
Heap:
 PSYoungGen      total 327680K, used 29697K [0x000000076d300000, 0x0000000781400000, 0x00000007c0000000)
  eden space 327168K, 9% used [0x000000076d300000,0x000000076f0006c0,0x0000000781280000)
  from space 512K, 0% used [0x0000000781300000,0x0000000781300000,0x0000000781380000)
  to   space 512K, 0% used [0x0000000781380000,0x0000000781380000,0x0000000781400000)
 ParOldGen       total 202240K, used 44874K [0x00000006c7800000, 0x00000006d3d80000, 0x000000076d300000)
  object space 202240K, 22% used [0x00000006c7800000,0x00000006ca3d2b88,0x00000006d3d80000)
 Metaspace       used 51405K, capacity 54620K, committed 54912K, reserved 1097728K
  class space    used 5960K, capacity 6968K, committed 7040K, reserved 1048576K
GC Heap History (10 events):
Event: 40651.226 GC heap before
{Heap before GC invocations=1374 (full 679):
 PSYoungGen      total 327680K, used 64K [0x000000076d300000, 0x0000000781400000, 0x00000007c0000000)
  eden space 327168K, 0% used [0x000000076d300000,0x000000076d300000,0x0000000781280000)
  from space 512K, 12% used [0x0000000781300000,0x0000000781310000,0x0000000781380000)
  to   space 512K, 0% used [0x0000000781380000,0x0000000781380000,0x0000000781400000)
 ParOldGen       total 202240K, used 44874K [0x00000006c7800000, 0x00000006d3d80000, 0x000000076d300000)
  object space 202240K, 22% used [0x00000006c7800000,0x00000006ca3d2b88,0x00000006d3d80000)
 Metaspace       used 51009K, capacity 54268K, committed 54656K, reserved 1097728K
  class space    used 5911K, capacity 6936K, committed 7040K, reserved 1048576K
Event: 40651.305 GC heap after
Heap after GC invocations=1374 (full 679):
 PSYoungGen      total 327680K, used 0K [0x000000076d300000, 0x0000000781400000, 0x00000007c0000000)
  eden space 327168K, 0% used [0x000000076d300000,0x000000076d300000,0x0000000781280000)
  from space 512K, 0% used [0x0000000781300000,0x0000000781300000,0x0000000781380000)
  to   space 512K, 0% used [0x0000000781380000,0x0000000781380000,0x0000000781400000)
 ParOldGen       total 202240K, used 44874K [0x00000006c7800000, 0x00000006d3d80000, 0x000000076d300000)
  object space 202240K, 22% used [0x00000006c7800000,0x00000006ca3d2b88,0x00000006d3d80000)
 Metaspace       used 51009K, capacity 54268K, committed 54656K, reserved 1097728K
  class space    used 5911K, capacity 6936K, committed 7040K, reserved 1048576K
}
Event: 40711.219 GC heap before
{Heap before GC invocations=1375 (full 679):
 PSYoungGen      total 327680K, used 4018K [0x000000076d300000, 0x0000000781400000, 0x00000007c0000000)
  eden space 327168K, 1% used [0x000000076d300000,0x000000076d6ec878,0x0000000781280000)
  from space 512K, 0% used [0x0000000781300000,0x0000000781300000,0x0000000781380000)
  to   space 512K, 0% used [0x0000000781380000,0x0000000781380000,0x0000000781400000)
 ParOldGen       total 202240K, used 44874K [0x00000006c7800000, 0x00000006d3d80000, 0x000000076d300000)
  object space 202240K, 22% used [0x00000006c7800000,0x00000006ca3d2b88,0x00000006d3d80000)
 Metaspace       used 51009K, capacity 54268K, committed 54656K, reserved 1097728K
  class space    used 5911K, capacity 6936K, committed 7040K, reserved 1048576K
Event: 40711.225 GC heap after
Heap after GC invocations=1375 (full 679):
 PSYoungGen      total 327680K, used 128K [0x000000076d300000, 0x0000000781400000, 0x00000007c0000000)
  eden space 327168K, 0% used [0x000000076d300000,0x000000076d300000,0x0000000781280000)
  from space 512K, 25% used [0x0000000781380000,0x00000007813a0000,0x0000000781400000)
  to   space 512K, 0% used [0x0000000781300000,0x0000000781300000,0x0000000781380000)
 ParOldGen       total 202240K, used 44874K [0x00000006c7800000, 0x00000006d3d80000, 0x000000076d300000)
  object space 202240K, 22% used [0x00000006c7800000,0x00000006ca3d2b88,0x00000006d3d80000)
 Metaspace       used 51009K, capacity 54268K, committed 54656K, reserved 1097728K
  class space    used 5911K, capacity 6936K, committed 7040K, reserved 1048576K
}
Event: 40711.225 GC heap before
{Heap before GC invocations=1376 (full 680):
 PSYoungGen      total 327680K, used 128K [0x000000076d300000, 0x0000000781400000, 0x00000007c0000000)
  eden space 327168K, 0% used [0x000000076d300000,0x000000076d300000,0x0000000781280000)
  from space 512K, 25% used [0x0000000781380000,0x00000007813a0000,0x0000000781400000)
  to   space 512K, 0% used [0x0000000781300000,0x0000000781300000,0x0000000781380000)
 ParOldGen       total 202240K, used 44874K [0x00000006c7800000, 0x00000006d3d80000, 0x000000076d300000)
  object space 202240K, 22% used [0x00000006c7800000,0x00000006ca3d2b88,0x00000006d3d80000)
 Metaspace       used 51009K, capacity 54268K, committed 54656K, reserved 1097728K
  class space    used 5911K, capacity 6936K, committed 7040K, reserved 1048576K
Event: 40711.307 GC heap after
Heap after GC invocations=1376 (full 680):
 PSYoungGen      total 327680K, used 0K [0x000000076d300000, 0x0000000781400000, 0x00000007c0000000)
  eden space 327168K, 0% used [0x000000076d300000,0x000000076d300000,0x0000000781280000)
  from space 512K, 0% used [0x0000000781380000,0x0000000781380000,0x0000000781400000)
  to   space 512K, 0% used [0x0000000781300000,0x0000000781300000,0x0000000781380000)
 ParOldGen       total 202240K, used 44874K [0x00000006c7800000, 0x00000006d3d80000, 0x000000076d300000)
  object space 202240K, 22% used [0x00000006c7800000,0x00000006ca3d2808,0x00000006d3d80000)
 Metaspace       used 51009K, capacity 54268K, committed 54656K, reserved 1097728K
  class space    used 5911K, capacity 6936K, committed 7040K, reserved 1048576K
}
Event: 40771.221 GC heap before
{Heap before GC invocations=1377 (full 680):
 PSYoungGen      total 327680K, used 5326K [0x000000076d300000, 0x0000000781400000, 0x00000007c0000000)
  eden space 327168K, 1% used [0x000000076d300000,0x000000076d833b68,0x0000000781280000)
  from space 512K, 0% used [0x0000000781380000,0x0000000781380000,0x0000000781400000)
  to   space 512K, 0% used [0x0000000781300000,0x0000000781300000,0x0000000781380000)
 ParOldGen       total 202240K, used 44874K [0x00000006c7800000, 0x00000006d3d80000, 0x000000076d300000)
  object space 202240K, 22% used [0x00000006c7800000,0x00000006ca3d2808,0x00000006d3d80000)
 Metaspace       used 51009K, capacity 54268K, committed 54656K, reserved 1097728K
  class space    used 5911K, capacity 6936K, committed 7040K, reserved 1048576K
Event: 40771.228 GC heap after
Heap after GC invocations=1377 (full 680):
 PSYoungGen      total 327680K, used 32K [0x000000076d300000, 0x0000000781400000, 0x00000007c0000000)
  eden space 327168K, 0% used [0x000000076d300000,0x000000076d300000,0x0000000781280000)
  from space 512K, 6% used [0x0000000781300000,0x0000000781308000,0x0000000781380000)
  to   space 512K, 0% used [0x0000000781380000,0x0000000781380000,0x0000000781400000)
 ParOldGen       total 202240K, used 44874K [0x00000006c7800000, 0x00000006d3d80000, 0x000000076d300000)
  object space 202240K, 22% used [0x00000006c7800000,0x00000006ca3d2808,0x00000006d3d80000)
 Metaspace       used 51009K, capacity 54268K, committed 54656K, reserved 1097728K
  class space    used 5911K, capacity 6936K, committed 7040K, reserved 1048576K
}
Event: 40771.228 GC heap before
{Heap before GC invocations=1378 (full 681):
 PSYoungGen      total 327680K, used 32K [0x000000076d300000, 0x0000000781400000, 0x00000007c0000000)
  eden space 327168K, 0% used [0x000000076d300000,0x000000076d300000,0x0000000781280000)
  from space 512K, 6% used [0x0000000781300000,0x0000000781308000,0x0000000781380000)
  to   space 512K, 0% used [0x0000000781380000,0x0000000781380000,0x0000000781400000)
 ParOldGen       total 202240K, used 44874K [0x00000006c7800000, 0x00000006d3d80000, 0x000000076d300000)
  object space 202240K, 22% used [0x00000006c7800000,0x00000006ca3d2808,0x00000006d3d80000)
 Metaspace       used 51009K, capacity 54268K, committed 54656K, reserved 1097728K
  class space    used 5911K, capacity 6936K, committed 7040K, reserved 1048576K
Event: 40771.312 GC heap after
Heap after GC invocations=1378 (full 681):
 PSYoungGen      total 327680K, used 0K [0x000000076d300000, 0x0000000781400000, 0x00000007c0000000)
  eden space 327168K, 0% used [0x000000076d300000,0x000000076d300000,0x0000000781280000)
  from space 512K, 0% used [0x0000000781300000,0x0000000781300000,0x0000000781380000)
  to   space 512K, 0% used [0x0000000781380000,0x0000000781380000,0x0000000781400000)
 ParOldGen       total 202240K, used 44874K [0x00000006c7800000, 0x00000006d3d80000, 0x000000076d300000)
  object space 202240K, 22% used [0x00000006c7800000,0x00000006ca3d2b88,0x00000006d3d80000)
 Metaspace       used 51009K, capacity 54268K, committed 54656K, reserved 1097728K
  class space    used 5911K, capacity 6936K, committed 7040K, reserved 1048576K
}

