# JRE version: Java(TM) SE Runtime Environment (8.0_121-b13) (build 1.8.0_121-b13)
# Java VM: Java HotSpot(TM) 64-Bit Server VM (25.121-b13 mixed mode linux-amd64 compressed oops)
Heap:
 PSYoungGen      total 410624K, used 182631K [0x000000076d300000, 0x0000000786d80000, 0x00000007c0000000)
  eden space 401408K, 45% used [0x000000076d300000,0x0000000778559f38,0x0000000785b00000)
  from space 9216K, 0% used [0x0000000785b00000,0x0000000785b00000,0x0000000786400000)
  to   space 9216K, 0% used [0x0000000786480000,0x0000000786480000,0x0000000786d80000)
 ParOldGen       total 211456K, used 43745K [0x00000006c7800000, 0x00000006d4680000, 0x000000076d300000)
  object space 211456K, 20% used [0x00000006c7800000,0x00000006ca2b86c0,0x00000006d4680000)
 Metaspace       used 53592K, capacity 57038K, committed 57344K, reserved 1099776K
  class space    used 6045K, capacity 7067K, committed 7168K, reserved 1048576K
GC Heap History (10 events):
Event: 21537.218 GC heap before
{Heap before GC invocations=776 (full 357):
 PSYoungGen      total 409600K, used 384K [0x000000076d300000, 0x0000000786c80000, 0x00000007c0000000)
  eden space 400896K, 0% used [0x000000076d300000,0x000000076d300000,0x0000000785a80000)
  from space 8704K, 4% used [0x0000000785a80000,0x0000000785ae0000,0x0000000786300000)
  to   space 8704K, 0% used [0x0000000786400000,0x0000000786400000,0x0000000786c80000)
 ParOldGen       total 211456K, used 43833K [0x00000006c7800000, 0x00000006d4680000, 0x000000076d300000)
  object space 211456K, 20% used [0x00000006c7800000,0x00000006ca2ce400,0x00000006d4680000)
 Metaspace       used 53565K, capacity 57038K, committed 57344K, reserved 1099776K
  class space    used 6044K, capacity 7067K, committed 7168K, reserved 1048576K
Event: 21537.368 GC heap after
Heap after GC invocations=776 (full 357):
 PSYoungGen      total 409600K, used 0K [0x000000076d300000, 0x0000000786c80000, 0x00000007c0000000)
  eden space 400896K, 0% used [0x000000076d300000,0x000000076d300000,0x0000000785a80000)
  from space 8704K, 0% used [0x0000000785a80000,0x0000000785a80000,0x0000000786300000)
  to   space 8704K, 0% used [0x0000000786400000,0x0000000786400000,0x0000000786c80000)
 ParOldGen       total 211456K, used 43714K [0x00000006c7800000, 0x00000006d4680000, 0x000000076d300000)
  object space 211456K, 20% used [0x00000006c7800000,0x00000006ca2b0a70,0x00000006d4680000)
 Metaspace       used 53565K, capacity 57038K, committed 57344K, reserved 1099776K
  class space    used 6044K, capacity 7067K, committed 7168K, reserved 1048576K
}
Event: 21599.574 GC heap before
{Heap before GC invocations=777 (full 357):
 PSYoungGen      total 409600K, used 337502K [0x000000076d300000, 0x0000000786c80000, 0x00000007c0000000)
  eden space 400896K, 84% used [0x000000076d300000,0x0000000781c97a30,0x0000000785a80000)
  from space 8704K, 0% used [0x0000000785a80000,0x0000000785a80000,0x0000000786300000)
  to   space 8704K, 0% used [0x0000000786400000,0x0000000786400000,0x0000000786c80000)
 ParOldGen       total 211456K, used 43714K [0x00000006c7800000, 0x00000006d4680000, 0x000000076d300000)
  object space 211456K, 20% used [0x00000006c7800000,0x00000006ca2b0a70,0x00000006d4680000)
 Metaspace       used 53583K, capacity 57038K, committed 57344K, reserved 1099776K
  class space    used 6045K, capacity 7067K, committed 7168K, reserved 1048576K
Event: 21599.579 GC heap after
Heap after GC invocations=777 (full 357):
 PSYoungGen      total 410112K, used 6703K [0x000000076d300000, 0x0000000786d80000, 0x00000007c0000000)
  eden space 401408K, 0% used [0x000000076d300000,0x000000076d300000,0x0000000785b00000)
  from space 8704K, 77% used [0x0000000786400000,0x0000000786a8bea0,0x0000000786c80000)
  to   space 9216K, 0% used [0x0000000785b00000,0x0000000785b00000,0x0000000786400000)
 ParOldGen       total 211456K, used 43714K [0x00000006c7800000, 0x00000006d4680000, 0x000000076d300000)
  object space 211456K, 20% used [0x00000006c7800000,0x00000006ca2b0a70,0x00000006d4680000)
 Metaspace       used 53583K, capacity 57038K, committed 57344K, reserved 1099776K
  class space    used 6045K, capacity 7067K, committed 7168K, reserved 1048576K
}
Event: 21599.579 GC heap before
{Heap before GC invocations=778 (full 358):
 PSYoungGen      total 410112K, used 6703K [0x000000076d300000, 0x0000000786d80000, 0x00000007c0000000)
  eden space 401408K, 0% used [0x000000076d300000,0x000000076d300000,0x0000000785b00000)
  from space 8704K, 77% used [0x0000000786400000,0x0000000786a8bea0,0x0000000786c80000)
  to   space 9216K, 0% used [0x0000000785b00000,0x0000000785b00000,0x0000000786400000)
 ParOldGen       total 211456K, used 43714K [0x00000006c7800000, 0x00000006d4680000, 0x000000076d300000)
  object space 211456K, 20% used [0x00000006c7800000,0x00000006ca2b0a70,0x00000006d4680000)
 Metaspace       used 53583K, capacity 57038K, committed 57344K, reserved 1099776K
  class space    used 6045K, capacity 7067K, committed 7168K, reserved 1048576K
Event: 21599.700 GC heap after
Heap after GC invocations=778 (full 358):
 PSYoungGen      total 410112K, used 0K [0x000000076d300000, 0x0000000786d80000, 0x00000007c0000000)
  eden space 401408K, 0% used [0x000000076d300000,0x000000076d300000,0x0000000785b00000)
  from space 8704K, 0% used [0x0000000786400000,0x0000000786400000,0x0000000786c80000)
  to   space 9216K, 0% used [0x0000000785b00000,0x0000000785b00000,0x0000000786400000)
 ParOldGen       total 211456K, used 43875K [0x00000006c7800000, 0x00000006d4680000, 0x000000076d300000)
  object space 211456K, 20% used [0x00000006c7800000,0x00000006ca2d8d70,0x00000006d4680000)
 Metaspace       used 53583K, capacity 57038K, committed 57344K, reserved 1099776K
  class space    used 6045K, capacity 7067K, committed 7168K, reserved 1048576K
}
Event: 21659.577 GC heap before
{Heap before GC invocations=779 (full 358):
 PSYoungGen      total 410112K, used 111583K [0x000000076d300000, 0x0000000786d80000, 0x00000007c0000000)
  eden space 401408K, 27% used [0x000000076d300000,0x0000000773ff7de8,0x0000000785b00000)
  from space 8704K, 0% used [0x0000000786400000,0x0000000786400000,0x0000000786c80000)
  to   space 9216K, 0% used [0x0000000785b00000,0x0000000785b00000,0x0000000786400000)
 ParOldGen       total 211456K, used 43875K [0x00000006c7800000, 0x00000006d4680000, 0x000000076d300000)
  object space 211456K, 20% used [0x00000006c7800000,0x00000006ca2d8d70,0x00000006d4680000)
 Metaspace       used 53587K, capacity 57038K, committed 57344K, reserved 1099776K
  class space    used 6045K, capacity 7067K, committed 7168K, reserved 1048576K
Event: 21659.583 GC heap after
Heap after GC invocations=779 (full 358):
 PSYoungGen      total 410624K, used 498K [0x000000076d300000, 0x0000000786d80000, 0x00000007c0000000)
  eden space 401408K, 0% used [0x000000076d300000,0x000000076d300000,0x0000000785b00000)
  from space 9216K, 5% used [0x0000000785b00000,0x0000000785b7ca78,0x0000000786400000)
  to   space 9216K, 0% used [0x0000000786480000,0x0000000786480000,0x0000000786d80000)
 ParOldGen       total 211456K, used 43875K [0x00000006c7800000, 0x00000006d4680000, 0x000000076d300000)
  object space 211456K, 20% used [0x00000006c7800000,0x00000006ca2d8d70,0x00000006d4680000)
 Metaspace       used 53587K, capacity 57038K, committed 57344K, reserved 1099776K
  class space    used 6045K, capacity 7067K, committed 7168K, reserved 1048576K
}
Event: 21659.583 GC heap before
{Heap before GC invocations=780 (full 359):
 PSYoungGen      total 410624K, used 498K [0x000000076d300000, 0x0000000786d80000, 0x00000007c0000000)
  eden space 401408K, 0% used [0x000000076d300000,0x000000076d300000,0x0000000785b00000)
  from space 9216K, 5% used [0x0000000785b00000,0x0000000785b7ca78,0x0000000786400000)
  to   space 9216K, 0% used [0x0000000786480000,0x0000000786480000,0x0000000786d80000)
 ParOldGen       total 211456K, used 43875K [0x00000006c7800000, 0x00000006d4680000, 0x000000076d300000)
  object space 211456K, 20% used [0x00000006c7800000,0x00000006ca2d8d70,0x00000006d4680000)
 Metaspace       used 53587K, capacity 57038K, committed 57344K, reserved 1099776K
  class space    used 6045K, capacity 7067K, committed 7168K, reserved 1048576K
Event: 21659.734 GC heap after
Heap after GC invocations=780 (full 359):
 PSYoungGen      total 410624K, used 0K [0x000000076d300000, 0x0000000786d80000, 0x00000007c0000000)
  eden space 401408K, 0% used [0x000000076d300000,0x000000076d300000,0x0000000785b00000)
  from space 9216K, 0% used [0x0000000785b00000,0x0000000785b00000,0x0000000786400000)
  to   space 9216K, 0% used [0x0000000786480000,0x0000000786480000,0x0000000786d80000)
 ParOldGen       total 211456K, used 43745K [0x00000006c7800000, 0x00000006d4680000, 0x000000076d300000)
  object space 211456K, 20% used [0x00000006c7800000,0x00000006ca2b86c0,0x00000006d4680000)
 Metaspace       used 53587K, capacity 57038K, committed 57344K, reserved 1099776K
  class space    used 6045K, capacity 7067K, committed 7168K, reserved 1048576K
}

